PATH=/sbin:/usr/bin:/bin:/usr/sbin
SHELL=/bin/bash
#MAILTO="mysql_dba@businesswire.com"

#HQ MySQL nightly full backup to DB server local hard disks
0 1 * * * $HOME/scripts/backup/alldata_backup.sh 2>&1 | tee $HOME/scripts/logs/dailybackup_drupal_today.log 2>&1;status=`grep 'ALARM' $HOME/scripts/logs//dailybackup_drupal_today.log`;sub="MySQL Backup HQ3"; [ -z "$status" ] && msubject="OK -"${sub} || msubject="ALARM-"${sub}; echo "Subject: ${msubject}"  |  cat - $HOME/scripts/logs/dailybackup_drupal_today.log | /usr/sbin/sendmail -f MySQLDBA_HQ3 mysql_dba@businesswire.com; cat $HOME/scripts/logs/dailybackup_drupal_today.log >>$HOME/scripts/logs/dailybackup_drupal.log && rm $HOME/scripts/logs/dailybackup_drupal_today.log

#HQ MySQL weekly binary log purge
30 22 * * * $HOME/scripts/purge/PurgeAll_hq3.sh Zu0Cr0N! 2>&1 | tee $HOME/scripts/logs/PurgeAll.log; status=`grep 'Error' $HOME/scripts/logs/PurgeAll.log`;sub="HQ3 weekly binary log purge"; [ -z "$status" ] && msubject="OK -"${sub} || msubject="ALARM-"${sub}; echo "Subject: ${msubject}" | cat - $HOME/scripts/logs/PurgeAll.log | /usr/sbin/sendmail -f MySQLDBA_HQ3 mysql_dba@businesswire.com

#HQ MySQL servers daily slow query log and error log rotation
#MySQL slow query log and error log rotation
5 0 * * * $HOME/scripts/performance/queries/mysqllogrotate_hq3.sh 2>&1 | tee $HOME/scripts/logs/mysqllogrotate.log;status=`grep 'ALARM' $HOME/scripts/logs/mysqllogrotate.log`;sub="MySQL daily error/slow log rotate HQ3"; [ -z "$status" ] && msubject="OK -"${sub} || msubject="ALARM-"${sub}; echo "Subject: ${msubject}" | cat - $HOME/scripts/logs/mysqllogrotate.log | /usr/sbin/sendmail -f MySQLDBA_HQ3 mysql_dba@businesswire.com


#HQ MySQL server half-hour replication status check
#0,10,20,30,40,50 * * * * $HOME/scripts/monitor/dbmonitor.sh Zu0Cr0N!>> $HOME/scripts/logs/dbmonitor.log 2>&1


# Create the aegir and task access users from NY since aegir is the in the AEGIR cluster
5 0 * * * $HOME/scripts/utility/GrantNyUsersSCNY.sh 2>&1 | tee  $HOME/scripts/logs/SCNYuserscheckup_today.log ;status=`grep 'ALARM' $HOME/scripts/logs/SCNYuserscheckup_today.log`;sub="MySQL Replication SC/NY task and Aegir users checkup HQ3"; [ -z "$status" ] && msubject="NO ACTION NEEDED -"${sub} || msubject="USER ADDED -"${sub};echo  "Subject: ${msubject}" | cat - $HOME/scripts/logs/SCNYuserscheckup_today.log | /usr/sbin/sendmail -f MySQLDBA_HQ3 mysql_dba@businesswire.com; cat $HOME/scripts/logs/SCNYuserscheckup_today.log >>$HOME/scripts/logs/SCNYuserscheckup.log && rm $HOME/scripts/logs/SCNYuserscheckup_today.log

#HQ MySQL PROD monthly slow query reports: runs every first Thurday each month
#MySQL slow query log report
0 3 * * 5 $HOME/scripts/performance/queries/mysqlslowreport.sh hq3mysql1.scprod.businesswire.com 2>&1 | tee $HOME/scripts/logs/mysqlslowreportSC.log


#MySQL servers weekly checksum between Master and Slave  ( HQ3MySQL PROD)
#MySQL Replication Data Integrity Check
45 22 * * 6 $HOME/scripts/utility/checksum/checktables.sh hq3mysqlprod hq3mysql1.scprod.businesswire.com hq3mysql2.nyprod.businesswire.com 2>&1 | tee $HOME/scripts/logs/hq3mysqlPRODchecksum.log; status=`grep 'ALARM' ${HOME}/scripts/utility/checksum/result/hq3mysqlprod_CHECKSUM_RECHECK_result.log;grep 'ERROR' ${HOME}/scripts/logs/hq3mysqlPRODchecksum.log`; [ -z "$status" ] && msubject="OK -Weekly hq3mysqlprod Replication Integrity Check" || msubject="ALARM -Weekly hq3mysqlprod Replication Integrity Check";echo -e "Subject: ${msubject}\n\n $(cat  $HOME/scripts/utility/checksum/result/hq3mysqlprod_CHECKSUM_RECHECK_result.log)" | /usr/sbin/sendmail -f  MySQLDBA_HQ3 mysql_dba@businesswire.com
